https://html.design/demo/move_home/index.html


https://preview.colorlib.com/theme/reshape/index.html


https://preview.colorlib.com/theme/imagine/index.html !!!


curs http://ip-api.com/json/?fields=status,message,countryCode
https://youtu.be/mpK_MYb38zs?list=PLoonZ8wII66iUm84o7nadL-oqINzBLk5g
npm install firebase
deer crunch mesh position always chicken cruel hurt pulse defy plastic version
https://www.ekko-wp.com/moving/
feed antique light feed axis pact armed cereal limit close glow sunny
https://moling.dan-fisher.com/index.html
https://html.modernwebtemplates.com/moveco/
https://html.modernwebtemplates.com/mover/index.html
https://templatebundle.net/templates/mover-and-packers-html-template/
other theme https://themewagon.com/
https://technext.github.io/yavin/index.html#header 
https://technext.github.io/nubis/index.html
vue js template

# vaciadosyretiradascantabria.com
# VALE retirada de escombro de poda, muebles, materiales de obra, vaciodo de naves
# 

https://preview.colorlib.com/theme/launch/#home-section

https://preview.colorlib.com/theme/appco/





https://colorlib.com/wp/templates/page/2/
https://bootstrapmade.com/
🔹 HTML5 UP
🔹 FreeHTML5.co
🔹 Templatemo
🔹 Colorlib
🔹 BootstrapMade
🔹 Nicepage
🔹 Start Bootstrap
 